<?xml version="1.0" encoding="UTF-8"?>
<coverage generated="1532676648535" clover="3.2.0">
  <project timestamp="1532676648535" name="All files">
    <metrics statements="33" coveredstatements="23" conditionals="8" coveredconditionals="2" methods="8" coveredmethods="4" elements="49" coveredelements="29" complexity="0" loc="33" ncloc="33" packages="2" files="2" classes="2">
      <package name="db">
        <metrics statements="18" coveredstatements="10" conditionals="6" coveredconditionals="1" methods="5" coveredmethods="2"/>
        <file name="index.js" path="/Users/steveoh/Desktop/curated-gallery/db/index.js">
          <metrics statements="18" coveredstatements="10" conditionals="6" coveredconditionals="1" methods="5" coveredmethods="2"/>
          <line num="1" count="1" type="stmt"/>
          <line num="3" count="1" type="stmt"/>
          <line num="10" count="1" type="stmt"/>
          <line num="12" count="1" type="stmt"/>
          <line num="13" count="0" type="stmt"/>
          <line num="15" count="0" type="cond" truecount="0" falsecount="2"/>
          <line num="16" count="0" type="stmt"/>
          <line num="19" count="0" type="stmt"/>
          <line num="25" count="0" type="cond" truecount="0" falsecount="2"/>
          <line num="26" count="0" type="stmt"/>
          <line num="29" count="0" type="stmt"/>
          <line num="32" count="1" type="stmt"/>
          <line num="33" count="1" type="stmt"/>
          <line num="34" count="1" type="cond" truecount="1" falsecount="1"/>
          <line num="35" count="0" type="stmt"/>
          <line num="37" count="1" type="stmt"/>
          <line num="40" count="1" type="stmt"/>
          <line num="43" count="1" type="stmt"/>
        </file>
      </package>
      <package name="server">
        <metrics statements="15" coveredstatements="13" conditionals="2" coveredconditionals="1" methods="3" coveredmethods="2"/>
        <file name="index.js" path="/Users/steveoh/Desktop/curated-gallery/server/index.js">
          <metrics statements="15" coveredstatements="13" conditionals="2" coveredconditionals="1" methods="3" coveredmethods="2"/>
          <line num="1" count="1" type="stmt"/>
          <line num="2" count="1" type="stmt"/>
          <line num="3" count="1" type="stmt"/>
          <line num="4" count="1" type="stmt"/>
          <line num="7" count="1" type="stmt"/>
          <line num="9" count="1" type="stmt"/>
          <line num="12" count="1" type="stmt"/>
          <line num="13" count="0" type="stmt"/>
          <line num="16" count="1" type="stmt"/>
          <line num="18" count="1" type="stmt"/>
          <line num="19" count="1" type="stmt"/>
          <line num="20" count="1" type="cond" truecount="1" falsecount="1"/>
          <line num="21" count="0" type="stmt"/>
          <line num="23" count="1" type="stmt"/>
          <line num="29" count="1" type="stmt"/>
        </file>
      </package>
    </metrics>
  </project>
</coverage>
