TN:
SF:/Users/steveoh/Desktop/curated-gallery/db/index.js
FN:10,(anonymous_0)
FN:11,(anonymous_1)
FNF:2
FNH:2
FNDA:1,(anonymous_0)
FNDA:1,(anonymous_1)
DA:1,1
DA:3,1
DA:10,1
DA:11,1
DA:12,1
DA:13,0
DA:15,1
DA:20,1
LF:8
LH:7
BRDA:12,0,0,0
BRDA:12,0,1,1
BRF:2
BRH:1
end_of_record
TN:
SF:/Users/steveoh/Desktop/curated-gallery/server/index.js
FN:12,(anonymous_0)
FN:18,(anonymous_1)
FN:19,(anonymous_2)
FNF:3
FNH:2
FNDA:0,(anonymous_0)
FNDA:1,(anonymous_1)
FNDA:1,(anonymous_2)
DA:1,1
DA:2,1
DA:3,1
DA:4,1
DA:7,1
DA:9,1
DA:12,1
DA:13,0
DA:16,1
DA:18,1
DA:19,1
DA:20,1
DA:21,0
DA:23,1
DA:29,1
LF:15
LH:13
BRDA:20,0,0,0
BRDA:20,0,1,1
BRF:2
BRH:1
end_of_record
