TN:
SF:/Users/steveoh/Desktop/curated-gallery/db/index.js
FN:12,(anonymous_0)
FN:14,(anonymous_1)
FN:24,(anonymous_2)
FN:32,(anonymous_3)
FN:33,(anonymous_4)
FNF:5
FNH:2
FNDA:0,(anonymous_0)
FNDA:0,(anonymous_1)
FNDA:0,(anonymous_2)
FNDA:1,(anonymous_3)
FNDA:1,(anonymous_4)
DA:1,1
DA:3,1
DA:10,1
DA:12,1
DA:13,0
DA:15,0
DA:16,0
DA:19,0
DA:25,0
DA:26,0
DA:29,0
DA:32,1
DA:33,1
DA:34,1
DA:35,0
DA:37,1
DA:40,1
DA:43,1
LF:18
LH:10
BRDA:15,0,0,0
BRDA:15,0,1,0
BRDA:25,1,0,0
BRDA:25,1,1,0
BRDA:34,2,0,0
BRDA:34,2,1,1
BRF:6
BRH:1
end_of_record
TN:
SF:/Users/steveoh/Desktop/curated-gallery/server/index.js
FN:12,(anonymous_0)
FN:18,(anonymous_1)
FN:19,(anonymous_2)
FNF:3
FNH:2
FNDA:0,(anonymous_0)
FNDA:1,(anonymous_1)
FNDA:1,(anonymous_2)
DA:1,1
DA:2,1
DA:3,1
DA:4,1
DA:7,1
DA:9,1
DA:12,1
DA:13,0
DA:16,1
DA:18,1
DA:19,1
DA:20,1
DA:21,0
DA:23,1
DA:29,1
LF:15
LH:13
BRDA:20,0,0,0
BRDA:20,0,1,1
BRF:2
BRH:1
end_of_record
